<?xml version="1.0" encoding="UTF-8"?>
<testng-results skipped="0" failed="0" ignored="0" total="1" passed="1">
  <reporter-output>
  </reporter-output>
  <suite name="Suite" duration-ms="41" started-at="2018-12-13T07:03:48Z" finished-at="2018-12-13T07:03:48Z">
    <groups>
    </groups>
    <test name="Test" duration-ms="41" started-at="2018-12-13T07:03:48Z" finished-at="2018-12-13T07:03:48Z">
      <class name="udsss.udssssss">
        <test-method status="PASS" signature="exee()[pri:0, instance:udsss.udssssss@31b7dea0]" name="exee" duration-ms="8" started-at="2018-12-13T07:03:48Z" finished-at="2018-12-13T07:03:48Z">
          <reporter-output>
          </reporter-output>
        </test-method> <!-- exee -->
      </class> <!-- udsss.udssssss -->
    </test> <!-- Test -->
  </suite> <!-- Suite -->
</testng-results>
